<?xml version="1.0" encoding="UTF-8"?>
<testsuite name="Cucumber" time="0.377" tests="10" skipped="0" failures="4" errors="0">
<testcase classname="Basket functionality test" name="Check login with valid credentials" time="0.028">
<failure/>
<system-out><![CDATA[
Given User should launch Chrome browser.....................................undefined
When user enters valid username and password................................skipped
And clicks on login button..................................................skipped
Then user is navigated to the home page.....................................skipped
]]></system-out>
</testcase>
<testcase classname="Basket functionality test" name="Check login with invalid credentials" time="0.005">
<system-out><![CDATA[
Given user is on login page.................................................passed
When user enters invalid username and password..............................passed
And clicks on login button..................................................passed
Then error message is displayed - Invalid Credentials.......................passed
]]></system-out>
</testcase>
<testcase classname="Basket functionality test" name="Check login with credentials" time="0.004">
<system-out><![CDATA[
Given user is on login page.................................................passed
When user enters invalid username and password..............................passed
And clicks on login button..................................................passed
Then error message is displayed - Invalid Credentials.......................passed
]]></system-out>
</testcase>
<testcase classname="Basket functionality test" name="Search basket items visiable or not" time="0.002">
<system-out><![CDATA[
Given user is on login page.................................................passed
When user enters invalid username and password..............................passed
And clicks on login button..................................................passed
Then error message is displayed - Invalid Credentials.......................passed
]]></system-out>
</testcase>
<testcase classname="Demo functionality test" name="Check login with valid credentials" time="0.01">
<failure type="java.lang.ArithmeticException" message="/ by zero">
<![CDATA[java.lang.ArithmeticException: / by zero
	at steps.Login.user_calculated(Login.java:11)
	at ✽.User calculated 1/0(file:///C:/Users/Administrator/Documents/Testing%20course/SeleniumJava/CucumberJava/BDDReports/./Features/Demo.feature:4)
]]>
</failure>
<system-out><![CDATA[
Given User calculated 1/0...................................................failed
When user enters valid username and password................................skipped
And clicks on login button..................................................skipped
Then user is navigated to the home page.....................................skipped
]]></system-out>
</testcase>
<testcase classname="Demo functionality test" name="Check login with invalid credentials" time="0.002">
<system-out><![CDATA[
Given user is on login page.................................................passed
When user enters invalid username and password..............................passed
And clicks on login button..................................................passed
Then error message is displayed - Invalid Credentials.......................passed
]]></system-out>
</testcase>
<testcase classname="Holland and barrett functionality test" name="Check login with valid credentials" time="0.007">
<failure/>
<system-out><![CDATA[
Given User should launch Chrome browser.....................................undefined
When user enters valid username and password................................skipped
And clicks on login button..................................................skipped
Then user is navigated to the home page.....................................skipped
]]></system-out>
</testcase>
<testcase classname="Holland and barrett functionality test" name="Check login with invalid credentials" time="0.005">
<system-out><![CDATA[
Given user is on login page.................................................passed
When user enters invalid username and password..............................passed
And clicks on login button..................................................passed
Then error message is displayed - Invalid Credentials.......................passed
]]></system-out>
</testcase>
<testcase classname="Login functionality test" name="Check login with valid credentials" time="0.005">
<failure type="java.lang.ArithmeticException" message="/ by zero">
<![CDATA[java.lang.ArithmeticException: / by zero
	at steps.Login.user_calculated(Login.java:11)
	at ✽.User calculated 1/0(file:///C:/Users/Administrator/Documents/Testing%20course/SeleniumJava/CucumberJava/BDDReports/./Features/Login.feature:4)
]]>
</failure>
<system-out><![CDATA[
Given User calculated 1/0...................................................failed
When user enters valid username and password................................skipped
And clicks on login button..................................................skipped
Then user is navigated to the home page.....................................skipped
]]></system-out>
</testcase>
<testcase classname="Login functionality test" name="Check login with invalid credentials" time="0.007">
<system-out><![CDATA[
Given user is on login page.................................................passed
When user enters invalid username and password..............................passed
And clicks on login button..................................................passed
Then error message is displayed - Invalid Credentials.......................passed
]]></system-out>
</testcase>
</testsuite>
